This is pdfTeX, Version 3.14159265-2.6-1.40.21 (TeX Live 2020/W32TeX) (preloaded format=pdftex 2021.3.14)  1 APR 2021 11:18
entering extended mode
 restricted \write18 enabled.
 file:line:error style messages enabled.
 %&-line parsing enabled.
**d:/DOCS/Math-Society/Resources/Game_of_Life-in-TeX/life
(d:/DOCS/Math-Society/Resources/Game_of_Life-in-TeX/life.tex (./life_setup.tex
\i=\count27
\j=\count28
\k=\count29
\t=\count30
\p=\count31
\h=\count32
\rem=\count33
\lb@size@x=\count34
\lb@size@y=\count35
\lb@iter=\count36
\lb@diff=\count37
\l@attrib@x=\count38
\l@attrib@y=\count39
\l@tmpx=\count40
\l@tmpy=\count41
\lb@size@xdefault=\count42
\lb@size@ydefault=\count43
\lc@deadbox=\box16
\lc@alivebox=\box17
) (./life_engine.tex) (./life_xinput.tex) (./life_qinput.tex) [1{c:/texlive/2020/texmf-var/fonts/map/pdftex/updmap/pdftex.map}] [2] [3] [4] [5] [6] [7] [8] [9] [10] [11] [12] [13] [14] [15] [16] [17] [18] [19] [20] [21] [22] [23] [24] [25] [26] [27] [28] [29] [30] [31] [32] [33] [34] [35] [36] [37] [38] [39] [40] [41] [42] [43] [44] [45] [46] [47] [48] [49] [50] [51] [52] [53] [54] [55] [56] [57] [58] [59] [60] [61] [62] [63] [64] [65] [66] [67] [68] [69] [70] [71] [72] [73] [74] [75] [76] [77] [78] [79] [80] [81] [82] [83] [84] [85] [86] [87] [88] [89] [90] [91] [92] [93] [94] [95] [96] [97] [98] [99] [100] [101] [102] [103] [104] [105] [106] [107] [108] [109] [110] [111] [112] [113] [114] [115] [116] [117] [118] [119] [120] [121] [122] [123] [124] [125] [126] [127] [128] [129] [130] [131] [132] [133] [134] [135] [136] [137] [138] [139] [140] [141] [142] [143] [144] [145] [146] [147] [148] [149] [150] [151] [152] [153] )<c:/texlive/2020/texmf-dist/fonts/type1/public/amsfonts/cm/cmcsc10.pfb><c:/texlive/2020/texmf-dist/fonts/type1/public/amsfonts/cm/cmr10.pfb><c:/texlive/2020/texmf-dist/fonts/type1/public/amsfonts/cm/cmti10.pfb><c:/texlive/2020/texmf-dist/fonts/type1/public/amsfonts/cm/cmtt10.pfb>
Output written on life.pdf (153 pages, 6397354 bytes).
PDF statistics:
 514 PDF objects out of 1000 (max. 8388607)
 351 compressed objects within 4 object streams
 0 named destinations out of 1000 (max. 500000)
 1 words of extra memory for PDF output out of 10000 (max. 10000000)

